src/es/manhwaes/build/intermediates/manifest_merge_blame_file/release/processReleaseMainManifest/manifest-merger-blame-release-report.txt
1<?xml version="1.0" encoding="utf-8"?>
2<!-- Generated by kei.plugins.extension — do not edit by hand. -->
3<manifest xmlns:android="http://schemas.android.com/apk/res/android"
4    package="app.senpou.extension.es.manhwaes"
5    android:versionCode="53"
6    android:versionName="1.4.53" >
7
8    <uses-sdk
8-->INJECTED
9        android:minSdkVersion="26"
9-->INJECTED
10        android:targetSdkVersion="37" />
10-->INJECTED
11
12    <uses-feature android:name="tachiyomi.extension" />
12-->manifests/generateExtensionManifest/AndroidManifest.xml:4:5-56
12-->manifests/generateExtensionManifest/AndroidManifest.xml:4:19-53
13
14    <application
14-->manifests/generateExtensionManifest/AndroidManifest.xml:5:5-29:19
15        android:allowBackup="false"
15-->manifests/generateExtensionManifest/AndroidManifest.xml:6:9-36
16        android:extractNativeLibs="false"
16-->INJECTED
17        android:icon="@mipmap/ic_launcher"
17-->manifests/generateExtensionManifest/AndroidManifest.xml:7:9-43
18        android:label="Tachiyomi: Senpou Manhwa-ES" >
18-->manifests/generateExtensionManifest/AndroidManifest.xml:8:9-52
19        <meta-data
19-->manifests/generateExtensionManifest/AndroidManifest.xml:9:9-86
20            android:name="tachiyomix.name"
20-->manifests/generateExtensionManifest/AndroidManifest.xml:9:20-50
21            android:value="Senpou Manhwa-ES" />
21-->manifests/generateExtensionManifest/AndroidManifest.xml:9:51-83
22        <meta-data
22-->manifests/generateExtensionManifest/AndroidManifest.xml:10:9-99
23            android:name="tachiyomi.extension.class"
23-->manifests/generateExtensionManifest/AndroidManifest.xml:10:20-60
24            android:value=".ExtensionGenerated" />
24-->manifests/generateExtensionManifest/AndroidManifest.xml:10:61-96
25        <meta-data
25-->manifests/generateExtensionManifest/AndroidManifest.xml:11:9-80
26            android:name="tachiyomi.extension.nsfw"
26-->manifests/generateExtensionManifest/AndroidManifest.xml:11:20-59
27            android:value="1" />
27-->manifests/generateExtensionManifest/AndroidManifest.xml:11:60-77
28        <meta-data
28-->manifests/generateExtensionManifest/AndroidManifest.xml:12:9-81
29            android:name="tachiyomix.contentWarning"
29-->manifests/generateExtensionManifest/AndroidManifest.xml:12:20-60
30            android:value="1" />
30-->manifests/generateExtensionManifest/AndroidManifest.xml:12:61-78
31        <meta-data
31-->manifests/generateExtensionManifest/AndroidManifest.xml:13:9-81
32            android:name="tachiyomix.extensionLib"
32-->manifests/generateExtensionManifest/AndroidManifest.xml:13:20-58
33            android:value="1.4" />
33-->manifests/generateExtensionManifest/AndroidManifest.xml:13:59-78
34
35        <activity
35-->manifests/generateExtensionManifest/AndroidManifest.xml:14:9-28:20
36            android:name="keiyoushi.source.UrlActivity"
36-->manifests/generateExtensionManifest/AndroidManifest.xml:15:13-56
37            android:excludeFromRecents="true"
37-->manifests/generateExtensionManifest/AndroidManifest.xml:16:13-46
38            android:exported="true"
38-->manifests/generateExtensionManifest/AndroidManifest.xml:17:13-36
39            android:theme="@android:style/Theme.NoDisplay" >
39-->manifests/generateExtensionManifest/AndroidManifest.xml:18:13-59
40            <intent-filter>
40-->manifests/generateExtensionManifest/AndroidManifest.xml:19:13-27:29
41                <action android:name="android.intent.action.VIEW" />
41-->manifests/generateExtensionManifest/AndroidManifest.xml:20:17-69
41-->manifests/generateExtensionManifest/AndroidManifest.xml:20:25-66
42
43                <category android:name="android.intent.category.DEFAULT" />
43-->manifests/generateExtensionManifest/AndroidManifest.xml:21:17-76
43-->manifests/generateExtensionManifest/AndroidManifest.xml:21:27-73
44                <category android:name="android.intent.category.BROWSABLE" />
44-->manifests/generateExtensionManifest/AndroidManifest.xml:22:17-78
44-->manifests/generateExtensionManifest/AndroidManifest.xml:22:27-75
45
46                <data android:scheme="https" />
46-->manifests/generateExtensionManifest/AndroidManifest.xml:23:17-48
46-->manifests/generateExtensionManifest/AndroidManifest.xml:23:23-45
47                <data android:scheme="http" />
47-->manifests/generateExtensionManifest/AndroidManifest.xml:23:17-48
47-->manifests/generateExtensionManifest/AndroidManifest.xml:23:23-45
48                <data android:host="manhwa-es.com" />
48-->manifests/generateExtensionManifest/AndroidManifest.xml:23:17-48
48-->manifests/generateExtensionManifest/AndroidManifest.xml:25:23-51
49                <data android:pathPattern="/.*/..*" />
49-->manifests/generateExtensionManifest/AndroidManifest.xml:23:17-48
49-->manifests/generateExtensionManifest/AndroidManifest.xml:26:23-52
50            </intent-filter>
51        </activity>
52    </application>
53
54</manifest>